<?xml version="1.0" encoding="UTF-8"?>
<!-- Generated by org.testng.reporters.JUnitReportReporter -->
<testsuite hostname="DASHLAPTOP" failures="0" tests="1" name="jenkins.BrowserTest" time="5.638" errors="0" timestamp="2023-11-30T12:45:54 IST" skipped="0">
  <testcase classname="jenkins.BrowserTest" name="test" time="5.638"/>
  <system-out/>
</testsuite> <!-- jenkins.BrowserTest -->
